# JRE version: OpenJDK Runtime Environment (16.0.1+9) (build 16.0.1+9-24)
# Java VM: OpenJDK 64-Bit Server VM (16.0.1+9-24, mixed mode, tiered, compressed oops, compressed class ptrs, g1 gc, windows-amd64)
GC Precious Log:
 CPUs: 4 total, 4 available
 Memory: 3957M
 Large Page Support: Disabled
 NUMA Support: Disabled
 Compressed Oops: Enabled (32-bit)
 Heap Region Size: 1M
 Heap Min Capacity: 8M
 Heap Initial Capacity: 62M
 Heap Max Capacity: 990M
 Pre-touch: Disabled
 Parallel Workers: 4
 Concurrent Workers: 1
 Concurrent Refinement Workers: 4
 Periodic GC: Disabled
Heap:
 garbage-first heap   total 58368K, used 34767K [0x00000000c2200000, 0x0000000100000000)
  region size 1024K, 16 young (16384K), 4 survivors (4096K)
 Metaspace       used 63835K, committed 64192K, reserved 1105920K
  class space    used 8118K, committed 8320K, reserved 1048576K
GC Heap History (20 events):
Event: 3.119 GC heap before
{Heap before GC invocations=7 (full 0):
 garbage-first heap   total 38912K, used 25781K [0x00000000c2200000, 0x0000000100000000)
  region size 1024K, 19 young (19456K), 2 survivors (2048K)
 Metaspace       used 24906K, committed 25088K, reserved 1073152K
  class space    used 2717K, committed 2816K, reserved 1048576K
}
Event: 3.124 GC heap after
{Heap after GC invocations=8 (full 0):
 garbage-first heap   total 38912K, used 10109K [0x00000000c2200000, 0x0000000100000000)
  region size 1024K, 2 young (2048K), 2 survivors (2048K)
 Metaspace       used 24906K, committed 25088K, reserved 1073152K
  class space    used 2717K, committed 2816K, reserved 1048576K
}
Event: 3.809 GC heap before
{Heap before GC invocations=8 (full 0):
 garbage-first heap   total 38912K, used 27517K [0x00000000c2200000, 0x0000000100000000)
  region size 1024K, 20 young (20480K), 2 survivors (2048K)
 Metaspace       used 26984K, committed 27264K, reserved 1073152K
  class space    used 2966K, committed 3072K, reserved 1048576K
}
Event: 3.817 GC heap after
{Heap after GC invocations=9 (full 0):
 garbage-first heap   total 62464K, used 10725K [0x00000000c2200000, 0x0000000100000000)
  region size 1024K, 2 young (2048K), 2 survivors (2048K)
 Metaspace       used 26984K, committed 27264K, reserved 1073152K
  class space    used 2966K, committed 3072K, reserved 1048576K
}
Event: 5.189 GC heap before
{Heap before GC invocations=9 (full 0):
 garbage-first heap   total 62464K, used 45541K [0x00000000c2200000, 0x0000000100000000)
  region size 1024K, 36 young (36864K), 2 survivors (2048K)
 Metaspace       used 34237K, committed 34496K, reserved 1081344K
  class space    used 3921K, committed 4032K, reserved 1048576K
}
Event: 5.201 GC heap after
{Heap after GC invocations=10 (full 0):
 garbage-first heap   total 62464K, used 14055K [0x00000000c2200000, 0x0000000100000000)
  region size 1024K, 5 young (5120K), 5 survivors (5120K)
 Metaspace       used 34237K, committed 34496K, reserved 1081344K
  class space    used 3921K, committed 4032K, reserved 1048576K
}
Event: 5.211 GC heap before
{Heap before GC invocations=10 (full 0):
 garbage-first heap   total 62464K, used 44775K [0x00000000c2200000, 0x0000000100000000)
  region size 1024K, 36 young (36864K), 5 survivors (5120K)
 Metaspace       used 34237K, committed 34496K, reserved 1081344K
  class space    used 3921K, committed 4032K, reserved 1048576K
}
Event: 5.221 GC heap after
{Heap after GC invocations=11 (full 0):
 garbage-first heap   total 62464K, used 14137K [0x00000000c2200000, 0x0000000100000000)
  region size 1024K, 1 young (1024K), 1 survivors (1024K)
 Metaspace       used 34237K, committed 34496K, reserved 1081344K
  class space    used 3921K, committed 4032K, reserved 1048576K
}
Event: 5.453 GC heap before
{Heap before GC invocations=11 (full 0):
 garbage-first heap   total 62464K, used 28473K [0x00000000c2200000, 0x0000000100000000)
  region size 1024K, 17 young (17408K), 1 survivors (1024K)
 Metaspace       used 35361K, committed 35648K, reserved 1081344K
  class space    used 4065K, committed 4224K, reserved 1048576K
}
Event: 5.455 GC heap after
{Heap after GC invocations=12 (full 0):
 garbage-first heap   total 62464K, used 14861K [0x00000000c2200000, 0x0000000100000000)
  region size 1024K, 1 young (1024K), 1 survivors (1024K)
 Metaspace       used 35361K, committed 35648K, reserved 1081344K
  class space    used 4065K, committed 4224K, reserved 1048576K
}
Event: 8.237 GC heap before
{Heap before GC invocations=13 (full 0):
 garbage-first heap   total 58368K, used 48653K [0x00000000c2200000, 0x0000000100000000)
  region size 1024K, 34 young (34816K), 1 survivors (1024K)
 Metaspace       used 43706K, committed 43968K, reserved 1089536K
  class space    used 5294K, committed 5440K, reserved 1048576K
}
Event: 8.242 GC heap after
{Heap after GC invocations=14 (full 0):
 garbage-first heap   total 58368K, used 16823K [0x00000000c2200000, 0x0000000100000000)
  region size 1024K, 3 young (3072K), 3 survivors (3072K)
 Metaspace       used 43706K, committed 43968K, reserved 1089536K
  class space    used 5294K, committed 5440K, reserved 1048576K
}
Event: 10.024 GC heap before
{Heap before GC invocations=14 (full 0):
 garbage-first heap   total 58368K, used 46519K [0x00000000c2200000, 0x0000000100000000)
  region size 1024K, 32 young (32768K), 3 survivors (3072K)
 Metaspace       used 50929K, committed 51264K, reserved 1097728K
  class space    used 6235K, committed 6400K, reserved 1048576K
}
Event: 10.030 GC heap after
{Heap after GC invocations=15 (full 0):
 garbage-first heap   total 58368K, used 19094K [0x00000000c2200000, 0x0000000100000000)
  region size 1024K, 4 young (4096K), 4 survivors (4096K)
 Metaspace       used 50929K, committed 51264K, reserved 1097728K
  class space    used 6235K, committed 6400K, reserved 1048576K
}
Event: 10.978 GC heap before
{Heap before GC invocations=15 (full 0):
 garbage-first heap   total 58368K, used 44694K [0x00000000c2200000, 0x0000000100000000)
  region size 1024K, 30 young (30720K), 4 survivors (4096K)
 Metaspace       used 56407K, committed 56768K, reserved 1105920K
  class space    used 7082K, committed 7232K, reserved 1048576K
}
Event: 10.984 GC heap after
{Heap after GC invocations=16 (full 0):
 garbage-first heap   total 58368K, used 20613K [0x00000000c2200000, 0x0000000100000000)
  region size 1024K, 2 young (2048K), 2 survivors (2048K)
 Metaspace       used 56407K, committed 56768K, reserved 1105920K
  class space    used 7082K, committed 7232K, reserved 1048576K
}
Event: 11.588 GC heap before
{Heap before GC invocations=16 (full 0):
 garbage-first heap   total 58368K, used 34949K [0x00000000c2200000, 0x0000000100000000)
  region size 1024K, 17 young (17408K), 2 survivors (2048K)
 Metaspace       used 59534K, committed 59840K, reserved 1105920K
  class space    used 7471K, committed 7616K, reserved 1048576K
}
Event: 11.593 GC heap after
{Heap after GC invocations=17 (full 0):
 garbage-first heap   total 58368K, used 21492K [0x00000000c2200000, 0x0000000100000000)
  region size 1024K, 3 young (3072K), 3 survivors (3072K)
 Metaspace       used 59534K, committed 59840K, reserved 1105920K
  class space    used 7471K, committed 7616K, reserved 1048576K
}
Event: 12.583 GC heap before
{Heap before GC invocations=18 (full 0):
 garbage-first heap   total 58368K, used 46068K [0x00000000c2200000, 0x0000000100000000)
  region size 1024K, 27 young (27648K), 3 survivors (3072K)
 Metaspace       used 62420K, committed 62784K, reserved 1105920K
  class space    used 7925K, committed 8064K, reserved 1048576K
}
Event: 12.591 GC heap after
{Heap after GC invocations=19 (full 0):
 garbage-first heap   total 58368K, used 23503K [0x00000000c2200000, 0x0000000100000000)
  region size 1024K, 4 young (4096K), 4 survivors (4096K)
 Metaspace       used 62420K, committed 62784K, reserved 1105920K
  class space    used 7925K, committed 8064K, reserved 1048576K
}

